[2026-Feb-20 18:00:02.767 +02:00][ 2999: 2999][info ] Logging initialized
[2026-Feb-20 18:00:02.767 +02:00][ 2999: 2999][info ] Initializing krisp SDK...
[2026-Feb-20 18:00:02.767 +02:00][ 2999: 2999][info ] DoKrispInitialize
[2026-Feb-20 18:00:03.105 +02:00][ 2999: 2999][info ] LoadDynamicKrisp
[2026-Feb-20 18:00:03.105 +02:00][ 2999: 2999][info ] Did not find KRISP_DYLIB_PATH, skipping dynamic loading
[2026-Feb-20 18:00:03.105 +02:00][ 2999: 2999][info ] Initializing Krisp SDK in PID 2999, addr 0x7f93f5cdd0e0
[2026-Feb-20 18:00:03.105 +02:00][ 2999: 2999][info ] Initialized Krisp SDK successfully
[2026-Feb-20 18:00:03.105 +02:00][ 2999: 2999][info ] Krisp SDK initialized
[2026-Feb-20 18:13:20.502 +02:00][15324:15324][info ] Logging initialized
[2026-Feb-20 18:13:20.502 +02:00][15324:15324][info ] Initializing krisp SDK...
[2026-Feb-20 18:13:20.502 +02:00][15324:15324][info ] DoKrispInitialize
[2026-Feb-20 18:13:20.862 +02:00][15324:15324][info ] LoadDynamicKrisp
[2026-Feb-20 18:13:20.862 +02:00][15324:15324][info ] Did not find KRISP_DYLIB_PATH, skipping dynamic loading
[2026-Feb-20 18:13:20.862 +02:00][15324:15324][info ] Initializing Krisp SDK in PID 15324, addr 0x7fd34c0ad0e0
[2026-Feb-20 18:13:20.863 +02:00][15324:15324][info ] Initialized Krisp SDK successfully
[2026-Feb-20 18:13:20.863 +02:00][15324:15324][info ] Krisp SDK initialized
[2026-Feb-20 18:13:23.738 +02:00][15324:15324][info ] Logging initialized
[2026-Feb-20 18:13:23.738 +02:00][15324:15324][info ] Initializing krisp SDK...
[2026-Feb-20 18:13:23.738 +02:00][15324:15324][info ] Krisp SDK initialized
[2026-Feb-20 18:45:05.462 +02:00][ 5579: 5579][info ] Logging initialized
[2026-Feb-20 18:45:05.462 +02:00][ 5579: 5579][info ] Initializing krisp SDK...
[2026-Feb-20 18:45:05.462 +02:00][ 5579: 5579][info ] DoKrispInitialize
[2026-Feb-20 18:45:05.820 +02:00][ 5579: 5579][info ] LoadDynamicKrisp
[2026-Feb-20 18:45:05.820 +02:00][ 5579: 5579][info ] Did not find KRISP_DYLIB_PATH, skipping dynamic loading
[2026-Feb-20 18:45:05.820 +02:00][ 5579: 5579][info ] Initializing Krisp SDK in PID 5579, addr 0x719cc455d0e0
[2026-Feb-20 18:45:05.820 +02:00][ 5579: 5579][info ] Initialized Krisp SDK successfully
[2026-Feb-20 18:45:05.820 +02:00][ 5579: 5579][info ] Krisp SDK initialized
[2026-Feb-20 18:49:58.568 +02:00][ 7192: 7192][info ] Logging initialized
[2026-Feb-20 18:49:58.568 +02:00][ 7192: 7192][info ] Initializing krisp SDK...
[2026-Feb-20 18:49:58.568 +02:00][ 7192: 7192][info ] DoKrispInitialize
[2026-Feb-20 18:49:58.932 +02:00][ 7192: 7192][info ] LoadDynamicKrisp
[2026-Feb-20 18:49:58.932 +02:00][ 7192: 7192][info ] Did not find KRISP_DYLIB_PATH, skipping dynamic loading
[2026-Feb-20 18:49:58.932 +02:00][ 7192: 7192][info ] Initializing Krisp SDK in PID 7192, addr 0x784281e6d0e0
[2026-Feb-20 18:49:58.932 +02:00][ 7192: 7192][info ] Initialized Krisp SDK successfully
[2026-Feb-20 18:49:58.932 +02:00][ 7192: 7192][info ] Krisp SDK initialized
[2026-Feb-20 22:39:40.296 +02:00][ 1371: 1371][info ] Logging initialized
[2026-Feb-20 22:39:40.296 +02:00][ 1371: 1371][info ] Initializing krisp SDK...
[2026-Feb-20 22:39:40.296 +02:00][ 1371: 1371][info ] DoKrispInitialize
[2026-Feb-20 22:39:40.826 +02:00][ 1371: 1371][info ] LoadDynamicKrisp
[2026-Feb-20 22:39:40.826 +02:00][ 1371: 1371][info ] Did not find KRISP_DYLIB_PATH, skipping dynamic loading
[2026-Feb-20 22:39:40.826 +02:00][ 1371: 1371][info ] Initializing Krisp SDK in PID 1371, addr 0x7f844a96d0e0
[2026-Feb-20 22:39:40.831 +02:00][ 1371: 1371][info ] Initialized Krisp SDK successfully
[2026-Feb-20 22:39:40.831 +02:00][ 1371: 1371][info ] Krisp SDK initialized
[2026-Feb-20 22:56:43.234 +02:00][ 1371: 1411][info ] KrispNCSetup: sampleRate = 48000, duration = 10
[2026-Feb-20 22:56:43.234 +02:00][ 1371: 1411][info ] Setting Krisp model: full_NC
[2026-Feb-20 22:56:43.310 +02:00][ 1371: 1411][info ] KrispVADSetup: sampleRate = 48000, duration = 10
[2026-Feb-20 22:57:42.452 +02:00][ 1371: 1411][info ] KrispVADSetup: sampleRate = 48000, duration = 10
[2026-Feb-20 22:57:54.657 +02:00][ 1371: 1395][info ] KrispVADReset
[2026-Feb-20 23:12:04.102 +02:00][ 1371: 1395][info ] KrispVADReset
[2026-Feb-21 01:32:28.271 +02:00][72145:72145][info ] Logging initialized
[2026-Feb-21 01:32:28.271 +02:00][72145:72145][info ] Initializing krisp SDK...
[2026-Feb-21 01:32:28.271 +02:00][72145:72145][info ] DoKrispInitialize
[2026-Feb-21 01:32:28.794 +02:00][72145:72145][info ] LoadDynamicKrisp
[2026-Feb-21 01:32:28.794 +02:00][72145:72145][info ] Did not find KRISP_DYLIB_PATH, skipping dynamic loading
[2026-Feb-21 01:32:28.794 +02:00][72145:72145][info ] Initializing Krisp SDK in PID 72145, addr 0x7f80ab16d0e0
[2026-Feb-21 01:32:28.797 +02:00][72145:72145][info ] Initialized Krisp SDK successfully
[2026-Feb-21 01:32:28.797 +02:00][72145:72145][info ] Krisp SDK initialized
[2026-Feb-21 17:15:12.949 +02:00][95565:95565][info ] Logging initialized
[2026-Feb-21 17:15:12.949 +02:00][95565:95565][info ] Initializing krisp SDK...
[2026-Feb-21 17:15:12.949 +02:00][95565:95565][info ] DoKrispInitialize
[2026-Feb-21 17:15:13.543 +02:00][95565:95565][info ] LoadDynamicKrisp
[2026-Feb-21 17:15:13.544 +02:00][95565:95565][info ] Did not find KRISP_DYLIB_PATH, skipping dynamic loading
[2026-Feb-21 17:15:13.544 +02:00][95565:95565][info ] Initializing Krisp SDK in PID 95565, addr 0x7fa7218fd0e0
[2026-Feb-21 17:15:13.549 +02:00][95565:95565][info ] Initialized Krisp SDK successfully
[2026-Feb-21 17:15:13.549 +02:00][95565:95565][info ] Krisp SDK initialized
[2026-Feb-21 19:17:03.828 +02:00][ 2744: 2744][info ] Logging initialized
[2026-Feb-21 19:17:03.828 +02:00][ 2744: 2744][info ] Initializing krisp SDK...
[2026-Feb-21 19:17:03.828 +02:00][ 2744: 2744][info ] DoKrispInitialize
[2026-Feb-21 19:17:04.924 +02:00][ 2744: 2744][info ] LoadDynamicKrisp
[2026-Feb-21 19:17:04.924 +02:00][ 2744: 2744][info ] Did not find KRISP_DYLIB_PATH, skipping dynamic loading
[2026-Feb-21 19:17:04.924 +02:00][ 2744: 2744][info ] Initializing Krisp SDK in PID 2744, addr 0x7f29dedad0e0
[2026-Feb-21 19:17:04.925 +02:00][ 2744: 2744][info ] Initialized Krisp SDK successfully
[2026-Feb-21 19:17:04.925 +02:00][ 2744: 2744][info ] Krisp SDK initialized
[2026-Feb-21 20:45:22.534 +02:00][ 9444: 9444][info ] Logging initialized
[2026-Feb-21 20:45:22.534 +02:00][ 9444: 9444][info ] Initializing krisp SDK...
[2026-Feb-21 20:45:22.534 +02:00][ 9444: 9444][info ] DoKrispInitialize
[2026-Feb-21 20:45:22.975 +02:00][ 9444: 9444][info ] LoadDynamicKrisp
[2026-Feb-21 20:45:22.975 +02:00][ 9444: 9444][info ] Did not find KRISP_DYLIB_PATH, skipping dynamic loading
[2026-Feb-21 20:45:22.975 +02:00][ 9444: 9444][info ] Initializing Krisp SDK in PID 9444, addr 0x7686d2aad0e0
[2026-Feb-21 20:45:22.978 +02:00][ 9444: 9444][info ] Initialized Krisp SDK successfully
[2026-Feb-21 20:45:22.978 +02:00][ 9444: 9444][info ] Krisp SDK initialized
[2026-Feb-22 15:32:34.844 +02:00][18856:18856][info ] Logging initialized
[2026-Feb-22 15:32:34.844 +02:00][18856:18856][info ] Initializing krisp SDK...
[2026-Feb-22 15:32:34.844 +02:00][18856:18856][info ] DoKrispInitialize
[2026-Feb-22 15:32:35.484 +02:00][18856:18856][info ] LoadDynamicKrisp
[2026-Feb-22 15:32:35.484 +02:00][18856:18856][info ] Did not find KRISP_DYLIB_PATH, skipping dynamic loading
[2026-Feb-22 15:32:35.484 +02:00][18856:18856][info ] Initializing Krisp SDK in PID 18856, addr 0x7429750ad0e0
[2026-Feb-22 15:32:35.484 +02:00][18856:18856][info ] Initialized Krisp SDK successfully
[2026-Feb-22 15:32:35.484 +02:00][18856:18856][info ] Krisp SDK initialized
[2026-Feb-22 15:58:32.346 +02:00][ 2680: 2680][info ] Logging initialized
[2026-Feb-22 15:58:32.346 +02:00][ 2680: 2680][info ] Initializing krisp SDK...
[2026-Feb-22 15:58:32.346 +02:00][ 2680: 2680][info ] DoKrispInitialize
[2026-Feb-22 15:58:32.748 +02:00][ 2680: 2680][info ] LoadDynamicKrisp
[2026-Feb-22 15:58:32.748 +02:00][ 2680: 2680][info ] Did not find KRISP_DYLIB_PATH, skipping dynamic loading
[2026-Feb-22 15:58:32.748 +02:00][ 2680: 2680][info ] Initializing Krisp SDK in PID 2680, addr 0x730cb3fad0e0
[2026-Feb-22 15:58:32.749 +02:00][ 2680: 2680][info ] Initialized Krisp SDK successfully
[2026-Feb-22 15:58:32.749 +02:00][ 2680: 2680][info ] Krisp SDK initialized
